<?xml version="1.0" encoding="UTF-8"?>
<!-- Generated by org.testng.reporters.JUnitReportReporter -->
<testsuite skipped="0" hostname="Kishus-MacBook-Pro.local" name="test.LoginScreen" tests="5" failures="0" timestamp="07 Feb 2018 04:48:08 GMT" time="122.268" errors="0">
  <testcase name="loginWithInvalidEmail" time="20.130" classname="test.LoginScreen"/>
  <testcase name="loginWithValidCredentialsAndPin" time="37.351" classname="test.LoginScreen"/>
  <testcase name="loginWithInvalidCredentials" time="25.808" classname="test.LoginScreen"/>
  <testcase name="loginWithValidCredentialsAndInvalidPin" time="29.122" classname="test.LoginScreen"/>
  <testcase name="testForgotAction" time="9.857" classname="test.LoginScreen"/>
</testsuite> <!-- test.LoginScreen -->
