<?xml version="1.0" encoding="UTF-8"?>
<!-- Generated by org.testng.reporters.JUnitReportReporter -->
<testsuite skipped="0" hostname="Kishus-MBP" name="com.qwinix.firstautomation.screens.LoginScreen" tests="5" failures="0" timestamp="06 Feb 2018 16:30:01 GMT" time="122.296" errors="0">
  <testcase name="loginWithInvalidEmail" time="20.162" classname="com.qwinix.firstautomation.screens.LoginScreen"/>
  <testcase name="loginWithValidCredentialsAndPin" time="36.988" classname="com.qwinix.firstautomation.screens.LoginScreen"/>
  <testcase name="loginWithInvalidCredentials" time="26.168" classname="com.qwinix.firstautomation.screens.LoginScreen"/>
  <testcase name="loginWithValidCredentialsAndInvalidPin" time="29.175" classname="com.qwinix.firstautomation.screens.LoginScreen"/>
  <testcase name="testForgotAction" time="9.803" classname="com.qwinix.firstautomation.screens.LoginScreen"/>
</testsuite> <!-- com.qwinix.firstautomation.screens.LoginScreen -->
