<?xml version="1.0" encoding="UTF-8"?>
<!-- Generated by org.testng.reporters.JUnitReportReporter -->
<testsuite skipped="0" hostname="Kishus-MacBook-Pro.local" name="com.qwinix.awsdev.screens.LoginScreen" tests="5" failures="0" timestamp="07 Feb 2018 10:29:42 GMT" time="121.314" errors="0">
  <testcase name="testForgotAction" time="9.924" classname="com.qwinix.awsdev.screens.LoginScreen"/>
  <testcase name="loginWithInvalidEmail" time="18.263" classname="com.qwinix.awsdev.screens.LoginScreen"/>
  <testcase name="loginWithInvalidCredentials" time="26.332" classname="com.qwinix.awsdev.screens.LoginScreen"/>
  <testcase name="loginWithValidCredentialsAndInvalidPin" time="29.212" classname="com.qwinix.awsdev.screens.LoginScreen"/>
  <testcase name="loginWithValidCredentialsAndPin" time="37.583" classname="com.qwinix.awsdev.screens.LoginScreen"/>
</testsuite> <!-- com.qwinix.awsdev.screens.LoginScreen -->
