<?xml version="1.0" encoding="UTF-8"?>
<!-- Generated by org.testng.reporters.JUnitReportReporter -->
<testsuite skipped="0" hostname="Kishus-MacBook-Pro.local" name="com.qwinix.awsdev.screens.LoginScreen" tests="1" failures="0" timestamp="08 Feb 2018 04:25:52 GMT" time="104.713" errors="0">
  <testcase name="runningTest" time="104.713" classname="com.qwinix.awsdev.screens.LoginScreen"/>
</testsuite> <!-- com.qwinix.awsdev.screens.LoginScreen -->
